Build started 8/22/2012 3:42:42 PM.
     1>Project "C:\Users\Aria\Documents\Visual Studio 2010\Projects\Project Euler Problem 17 Solution\Project Euler Problem 17\Project Euler Problem 17.vcxproj" on node 2 (build target(s)).
     1>InitializeBuildStatus:
         Creating "Debug\Project Euler Problem 17.unsuccessfulbuild" because "AlwaysCreate" was specified.
       ClCompile:
         All outputs are up-to-date.
         C:\Program Files (x86)\Microsoft Visual Studio 10.0\VC\bin\CL.exe /c /ZI /nologo /W3 /WX- /Od /Oy- /D WIN32 /D _DEBUG /D _CONSOLE /D _UNICODE /D UNICODE /Gm /EHsc /RTC1 /MDd /GS /fp:precise /Zc:wchar_t /Zc:forScope /Yu"StdAfx.h" /Fp"Debug\Project Euler Problem 17.pch" /Fo"Debug\\" /Fd"Debug\vc100.pdb" /Gd /TP /analyze- /errorReport:prompt "Project Euler Problem 17.cpp"
         Project Euler Problem 17.cpp
       ManifestResourceCompile:
         All outputs are up-to-date.
       Link:
         C:\Program Files (x86)\Microsoft Visual Studio 10.0\VC\bin\link.exe /ERRORREPORT:PROMPT /OUT:"C:\Users\Aria\Documents\Visual Studio 2010\Projects\Project Euler Problem 17 Solution\Debug\Project Euler Problem 17.exe" /INCREMENTAL /NOLOGO kernel32.lib user32.lib gdi32.lib winspool.lib comdlg32.lib advapi32.lib shell32.lib ole32.lib oleaut32.lib uuid.lib odbc32.lib odbccp32.lib /MANIFEST /ManifestFile:"Debug\Project Euler Problem 17.exe.intermediate.manifest" /MANIFESTUAC:"level='asInvoker' uiAccess='false'" /DEBUG /PDB:"C:\Users\Aria\Documents\Visual Studio 2010\Projects\Project Euler Problem 17 Solution\Debug\Project Euler Problem 17.pdb" /SUBSYSTEM:CONSOLE /TLBID:1 /DYNAMICBASE /NXCOMPAT /IMPLIB:"C:\Users\Aria\Documents\Visual Studio 2010\Projects\Project Euler Problem 17 Solution\Debug\Project Euler Problem 17.lib" /MACHINE:X86 "Debug\Project Euler Problem 17.exe.embed.manifest.res"
         "Debug\Project Euler Problem 17.obj"
         Debug\stdafx.obj
       Manifest:
         C:\Program Files (x86)\Microsoft SDKs\Windows\v7.0A\bin\mt.exe /nologo /verbose /out:"Debug\Project Euler Problem 17.exe.embed.manifest" /manifest "Debug\Project Euler Problem 17.exe.intermediate.manifest"
         All outputs are up-to-date.
       LinkEmbedManifest:
         All outputs are up-to-date.
         Project Euler Problem 17.vcxproj -> C:\Users\Aria\Documents\Visual Studio 2010\Projects\Project Euler Problem 17 Solution\Debug\Project Euler Problem 17.exe
       FinalizeBuildStatus:
         Deleting file "Debug\Project Euler Problem 17.unsuccessfulbuild".
         Touching "Debug\Project Euler Problem 17.lastbuildstate".
     1>Done Building Project "C:\Users\Aria\Documents\Visual Studio 2010\Projects\Project Euler Problem 17 Solution\Project Euler Problem 17\Project Euler Problem 17.vcxproj" (build target(s)).

Build succeeded.

Time Elapsed 00:00:01.26
